<?xml version="1.0" encoding="UTF-8"?>
<!-- Generated by org.testng.reporters.JUnitReportReporter -->
<testsuite skipped="0" hostname="Chandan" name="Demomaven.AppiumTest" tests="2" failures="0" timestamp="2020-07-18T11:48:59 IST" time="0.009" errors="0">
  <testcase name="AndroidAPPs" time="0.009" classname="Demomaven.AppiumTest"/>
  <system-out/>
  <testcase name="IOSapp" time="0.000" classname="Demomaven.AppiumTest"/>
  <system-out/>
</testsuite> <!-- Demomaven.AppiumTest -->
