<?xml version="1.0" encoding="UTF-8"?>
<!-- Generated by org.testng.reporters.JUnitReportReporter -->
<testsuite skipped="0" hostname="Chandan" name="Demomaven.RestAPITest" tests="2" failures="0" timestamp="2020-07-18T11:48:59 IST" time="0.002" errors="0">
  <testcase name="PostJira" time="0.001" classname="Demomaven.RestAPITest"/>
  <system-out/>
  <testcase name="deleteTwitter" time="0.001" classname="Demomaven.RestAPITest"/>
  <system-out/>
</testsuite> <!-- Demomaven.RestAPITest -->
