<?xml version="1.0" encoding="UTF-8"?>
<!-- Generated by org.testng.reporters.JUnitReportReporter -->
<testsuite skipped="0" hostname="Chandan" name="Demomaven.SeleniumTest" tests="2" failures="0" timestamp="2020-07-18T11:48:59 IST" time="0.000" errors="0">
  <testcase name="BrowserAutomation" time="0.000" classname="Demomaven.SeleniumTest"/>
  <system-out/>
  <testcase name="elementsUi" time="0.000" classname="Demomaven.SeleniumTest"/>
  <system-out/>
</testsuite> <!-- Demomaven.SeleniumTest -->
